Build started 2012-07-25 22:09:04.
     1>Project "C:\Users\tdrol\documents\visual studio 2010\Projects\analizator\analizator-bd-openssl\analizator-bd-openssl.vcxproj" on node 2 (build target(s)).
     1>InitializeBuildStatus:
         Touching "Debug\analizator-bd-openssl.unsuccessfulbuild".
       ClCompile:
         All outputs are up-to-date.
         C:\Program Files (x86)\Microsoft Visual Studio 10.0\VC\bin\CL.exe /c /IC:\Users\tdrol\lib\openssl\include /ZI /nologo /W3 /WX- /Od /Oy- /D WIN32 /D _DEBUG /D _CONSOLE /D _UNICODE /D UNICODE /Gm /EHsc /RTC1 /MT /GS /fp:precise /Zc:wchar_t /Zc:forScope /Yu"StdAfx.h" /Fp"Debug\analizator-bd-openssl.pch" /Fo"Debug\\" /Fd"Debug\vc100.pdb" /Gd /TP /analyze- /errorReport:prompt "analizator-bd-openssl.cpp"
         analizator-bd-openssl.cpp
       ManifestResourceCompile:
         All outputs are up-to-date.
       Link:
         C:\Program Files (x86)\Microsoft Visual Studio 10.0\VC\bin\link.exe /ERRORREPORT:PROMPT /OUT:"C:\Users\tdrol\documents\visual studio 2010\Projects\analizator\Debug\analizator-bd-openssl.exe" /INCREMENTAL /NOLOGO /LIBPATH:C:\Users\tdrol\lib\openssl\lib libeay32.lib ssleay32.lib /MANIFEST /ManifestFile:"Debug\analizator-bd-openssl.exe.intermediate.manifest" /MANIFESTUAC:"level='asInvoker' uiAccess='false'" /DEBUG /PDB:"C:\Users\tdrol\documents\visual studio 2010\Projects\analizator\Debug\analizator-bd-openssl.pdb" /SUBSYSTEM:CONSOLE /TLBID:1 /DYNAMICBASE /NXCOMPAT /IMPLIB:"C:\Users\tdrol\documents\visual studio 2010\Projects\analizator\Debug\analizator-bd-openssl.lib" /MACHINE:X86 "Debug\analizator-bd-openssl.exe.embed.manifest.res"
         "Debug\analizator-bd-openssl.obj"
         Debug\stdafx.obj
     1>LINK : warning LNK4098: defaultlib 'LIBCMT' conflicts with use of other libs; use /NODEFAULTLIB:library
     1>analizator-bd-openssl.obj : error LNK2019: unresolved external symbol __CrtDbgReportW referenced in function "public: char const & __thiscall std::_String_const_iterator<char,struct std::char_traits<char>,class std::allocator<char> >::operator*(void)const " (??D?$_String_const_iterator@DU?$char_traits@D@std@@V?$allocator@D@2@@std@@QBEABDXZ)
     1>libcpmtd.lib(stdthrow.obj) : error LNK2001: unresolved external symbol __CrtDbgReportW
     1>libcpmtd.lib(xmbtowc.obj) : error LNK2001: unresolved external symbol __CrtDbgReportW
     1>analizator-bd-openssl.obj : error LNK2019: unresolved external symbol __free_dbg referenced in function "private: void __thiscall std::_Yarn<char>::_Tidy(void)" (?_Tidy@?$_Yarn@D@std@@AAEXXZ)
     1>libcpmtd.lib(xdebug.obj) : error LNK2001: unresolved external symbol __free_dbg
     1>libcpmtd.lib(locale0.obj) : error LNK2001: unresolved external symbol __free_dbg
     1>libcpmtd.lib(xmbtowc.obj) : error LNK2001: unresolved external symbol __free_dbg
     1>libcpmtd.lib(xdebug.obj) : error LNK2019: unresolved external symbol __malloc_dbg referenced in function "void * __cdecl operator new(unsigned int,struct std::_DebugHeapTag_t const &,char *,int)" (??2@YAPAXIABU_DebugHeapTag_t@std@@PADH@Z)
     1>libcpmtd.lib(locale0.obj) : error LNK2001: unresolved external symbol __malloc_dbg
     1>libcpmtd.lib(xmbtowc.obj) : error LNK2001: unresolved external symbol __malloc_dbg
     1>libcpmtd.lib(_tolower.obj) : error LNK2019: unresolved external symbol __calloc_dbg referenced in function __Getctype
     1>C:\Users\tdrol\documents\visual studio 2010\Projects\analizator\Debug\analizator-bd-openssl.exe : fatal error LNK1120: 4 unresolved externals
     1>Done Building Project "C:\Users\tdrol\documents\visual studio 2010\Projects\analizator\analizator-bd-openssl\analizator-bd-openssl.vcxproj" (build target(s)) -- FAILED.

Build FAILED.

Time Elapsed 00:00:03.08
